[19924:18468:0819/134843:INFO:AppRunner.cpp(619)] Begin run process geeplayer
[19924:18468:0819/134843:INFO:AppRunner.cpp(623)] ProductName is GeePlayer1
[19924:18468:0819/134843:INFO:AppRunner.cpp(662)] apppluginbase version is 4.3.4.80
[19924:18468:0819/134843:INFO:UIlib.cpp(192)] quilib: version is 4.3.4.78
[19924:18468:0819/134843:INFO:serviceManager.cpp(687)] mainprocessisrunning key is set as 1
[19924:18468:0819/134843:INFO:serviceManager.cpp(800)] create local service plugin PluginServerStatePlugin
[19924:18468:0819/134843:INFO:serviceManager.cpp(857)] plugin PluginServerStatePlugin DoPluginInit
[19924:18468:0819/134843:INFO:serviceManager.cpp(1523)] repository parse over
[19924:18468:0819/134848:INFO:UIManager.cpp(372)] quilib:call set resouce path, path is c:\program files (x86)\iqiyi video\geeplayer\2.5.35.3301\skin
[19924:18468:0819/134848:INFO:UIDlgBuilder.cpp(407)] quilib:create root control failed
[19924:18468:0819/134848:INFO:UIDlgBuilder.cpp(407)] quilib:create root control failed
[19924:18468:0819/134848:INFO:UIDlgBuilder.cpp(407)] quilib:create root control failed
[19924:18468:0819/134848:INFO:UIDlgBuilder.cpp(407)] quilib:create root control failed
[19924:18468:0819/134848:INFO:UIDlgBuilder.cpp(407)] quilib:create root control failed
[19924:18468:0819/134848:INFO:UIDlgBuilder.cpp(407)] quilib:create root control failed
[19924:18468:0819/134855:INFO:AppRunner.cpp(715)] loop exit geeplayer call main plugin DestoryPluginEntry
[19924:18468:0819/134855:INFO:IPlugin.cpp(117)] real plugin mainPlugin call DestroyPlugin
[19924:18468:0819/134855:INFO:IPlugin.cpp(374)] destruct plugin mainPlugin
[19924:18468:0819/134855:INFO:serviceManager.cpp(1608)] mainPlugin plugin had destroy by DestructPlugin
[19924:18468:0819/134855:INFO:serviceManager.cpp(2532)] DestructManager begin
[19924:18468:0819/134855:INFO:IPlugin.cpp(374)] destruct plugin PluginServerStatePlugin
[19924:18468:0819/134855:INFO:IPlugin.cpp(286)] real plugin PluginServerStatePlugin call DestroyPlugin
[19924:18468:0819/134855:INFO:serviceManager.cpp(1608)] PluginServerStatePlugin plugin had destroy by DestructPlugin
[19924:18468:0819/134855:INFO:serviceManager.cpp(2408)] DeleteLeftPlugins begin
[19924:18468:0819/134855:INFO:serviceManager.cpp(2470)] DeleteLeftPlugins end
[19924:18468:0819/134855:INFO:serviceManager.cpp(687)] mainprocessisrunning key is set as 0
[19924:18468:0819/134855:INFO:AppRunner.cpp(730)] close mutex of process geeplayer
[19924:18468:0819/134855:INFO:AppRunner.cpp(738)] run process geeplayer end
